[09:32:54.704173 WARN] Zone Equipment Detail section failed and was skipped because: undefined method `maxHeatingCapacity' for #<OpenStudio::Model::OptionalCoilHeatingDXVariableRefrigerantFlow:0x007fed5b86a678>. Detail on error follows.
[09:32:54.704220 WARN] /private/var/folders/v1/5ckkhz5d4wxc_x2dqdc7ghn00000gn/T/OpenStudioApp.Ms1517/resources/measures/OpenStudioResults/measure.rb:237:in `eval'
/private/var/folders/v1/5ckkhz5d4wxc_x2dqdc7ghn00000gn/T/OpenStudioApp.Ms1517/resources/measures/OpenStudioResults/resources/Siz.HVACComponent.rb:6:in `maxHeatingCapacity'
/private/var/folders/v1/5ckkhz5d4wxc_x2dqdc7ghn00000gn/T/OpenStudioApp.Ms1517/resources/measures/OpenStudioResults/resources/os_lib_reporting.rb:745:in `public_send'
/private/var/folders/v1/5ckkhz5d4wxc_x2dqdc7ghn00000gn/T/OpenStudioApp.Ms1517/resources/measures/OpenStudioResults/resources/os_lib_reporting.rb:745:in `block in general_component_summary_logic'
/private/var/folders/v1/5ckkhz5d4wxc_x2dqdc7ghn00000gn/T/OpenStudioApp.Ms1517/resources/measures/OpenStudioResults/resources/os_lib_reporting.rb:738:in `each'
/private/var/folders/v1/5ckkhz5d4wxc_x2dqdc7ghn00000gn/T/OpenStudioApp.Ms1517/resources/measures/OpenStudioResults/resources/os_lib_reporting.rb:738:in `general_component_summary_logic'
/private/var/folders/v1/5ckkhz5d4wxc_x2dqdc7ghn00000gn/T/OpenStudioApp.Ms1517/resources/measures/OpenStudioResults/resources/os_lib_reporting.rb:1301:in `zone_equipment_component_summary_logic'
/private/var/folders/v1/5ckkhz5d4wxc_x2dqdc7ghn00000gn/T/OpenStudioApp.Ms1517/resources/measures/OpenStudioResults/resources/os_lib_reporting.rb:1335:in `block (2 levels) in zone_equipment_detail_section'
/private/var/folders/v1/5ckkhz5d4wxc_x2dqdc7ghn00000gn/T/OpenStudioApp.Ms1517/resources/measures/OpenStudioResults/resources/os_lib_reporting.rb:1333:in `each'
/private/var/folders/v1/5ckkhz5d4wxc_x2dqdc7ghn00000gn/T/OpenStudioApp.Ms1517/resources/measures/OpenStudioResults/resources/os_lib_reporting.rb:1333:in `block in zone_equipment_detail_section'
/private/var/folders/v1/5ckkhz5d4wxc_x2dqdc7ghn00000gn/T/OpenStudioApp.Ms1517/resources/measures/OpenStudioResults/resources/os_lib_reporting.rb:1325:in `each'
/private/var/folders/v1/5ckkhz5d4wxc_x2dqdc7ghn00000gn/T/OpenStudioApp.Ms1517/resources/measures/OpenStudioResults/resources/os_lib_reporting.rb:1325:in `zone_equipment_detail_section'
(eval):1:in `block in run'
/private/var/folders/v1/5ckkhz5d4wxc_x2dqdc7ghn00000gn/T/OpenStudioApp.Ms1517/resources/measures/OpenStudioResults/measure.rb:237:in `eval'
/private/var/folders/v1/5ckkhz5d4wxc_x2dqdc7ghn00000gn/T/OpenStudioApp.Ms1517/resources/measures/OpenStudioResults/measure.rb:237:in `block in run'
/private/var/folders/v1/5ckkhz5d4wxc_x2dqdc7ghn00000gn/T/OpenStudioApp.Ms1517/resources/measures/OpenStudioResults/measure.rb:233:in `each'
/private/var/folders/v1/5ckkhz5d4wxc_x2dqdc7ghn00000gn/T/OpenStudioApp.Ms1517/resources/measures/OpenStudioResults/measure.rb:233:in `run'
:/ruby/2.2.0/gems/openstudio-workflow-1.3.3/lib/openstudio/workflow/util/measure.rb:471:in `apply_measure'
:/ruby/2.2.0/gems/openstudio-workflow-1.3.3/lib/openstudio/workflow/util/measure.rb:74:in `block in apply_measures'
:/ruby/2.2.0/gems/openstudio-workflow-1.3.3/lib/openstudio/workflow/util/measure.rb:32:in `each_index'
:/ruby/2.2.0/gems/openstudio-workflow-1.3.3/lib/openstudio/workflow/util/measure.rb:32:in `apply_measures'
:/ruby/2.2.0/gems/openstudio-workflow-1.3.3/lib/openstudio/workflow/jobs/run_reporting_measures.rb:85:in `perform'
:/ruby/2.2.0/gems/openstudio-workflow-1.3.3/lib/openstudio/workflow/run.rb:269:in `step'
:/ruby/2.2.0/gems/openstudio-workflow-1.3.3/lib/openstudio/workflow/run.rb:216:in `run'
:/openstudio_cli.rb:937:in `execute'
:/openstudio_cli.rb:726:in `execute'
:/openstudio_cli.rb:1703:in `<main>'
eval:110:in `eval'
eval:110:in `require_embedded_absolute'
eval:95:in `block in require'
eval:89:in `each'
eval:89:in `require'
eval:2:in `<main>'
